<?xml version="1.0" encoding="UTF-8"?>
<testsuite xmlns:xsi="http://www.w3.org/2001/XMLSchema-instance" xsi:noNamespaceSchemaLocation="https://maven.apache.org/surefire/maven-surefire-plugin/xsd/surefire-test-report.xsd" name="com.wallet.Sevice.WalletServiceImplTest" time="0.236" tests="6" errors="0" skipped="1" failures="0">
  <properties>
    <property name="sun.desktop" value="gnome"/>
    <property name="awt.toolkit" value="sun.awt.X11.XToolkit"/>
    <property name="java.specification.version" value="11"/>
    <property name="sun.cpu.isalist" value=""/>
    <property name="sun.jnu.encoding" value="UTF-8"/>
    <property name="java.class.path" value="/home/usman/Documents/springInitilizer-Kafka/springWallet/wallet/target/test-classes:/home/usman/Documents/springInitilizer-Kafka/springWallet/wallet/target/classes:/home/usman/.m2/repository/org/springframework/boot/spring-boot-starter-data-jpa/2.7.8-SNAPSHOT/spring-boot-starter-data-jpa-2.7.8-SNAPSHOT.jar:/home/usman/.m2/repository/org/springframework/boot/spring-boot-starter-aop/2.7.8-SNAPSHOT/spring-boot-starter-aop-2.7.8-SNAPSHOT.jar:/home/usman/.m2/repository/org/springframework/spring-aop/5.3.25/spring-aop-5.3.25.jar:/home/usman/.m2/repository/org/aspectj/aspectjweaver/1.9.7/aspectjweaver-1.9.7.jar:/home/usman/.m2/repository/org/springframework/boot/spring-boot-starter-jdbc/2.7.8-SNAPSHOT/spring-boot-starter-jdbc-2.7.8-SNAPSHOT.jar:/home/usman/.m2/repository/com/zaxxer/HikariCP/4.0.3/HikariCP-4.0.3.jar:/home/usman/.m2/repository/org/springframework/spring-jdbc/5.3.25/spring-jdbc-5.3.25.jar:/home/usman/.m2/repository/jakarta/transaction/jakarta.transaction-api/1.3.3/jakarta.transaction-api-1.3.3.jar:/home/usman/.m2/repository/jakarta/persistence/jakarta.persistence-api/2.2.3/jakarta.persistence-api-2.2.3.jar:/home/usman/.m2/repository/org/hibernate/hibernate-core/5.6.14.Final/hibernate-core-5.6.14.Final.jar:/home/usman/.m2/repository/org/jboss/logging/jboss-logging/3.4.3.Final/jboss-logging-3.4.3.Final.jar:/home/usman/.m2/repository/net/bytebuddy/byte-buddy/1.12.21/byte-buddy-1.12.21.jar:/home/usman/.m2/repository/antlr/antlr/2.7.7/antlr-2.7.7.jar:/home/usman/.m2/repository/org/jboss/jandex/2.4.2.Final/jandex-2.4.2.Final.jar:/home/usman/.m2/repository/com/fasterxml/classmate/1.5.1/classmate-1.5.1.jar:/home/usman/.m2/repository/org/hibernate/common/hibernate-commons-annotations/5.1.2.Final/hibernate-commons-annotations-5.1.2.Final.jar:/home/usman/.m2/repository/org/glassfish/jaxb/jaxb-runtime/2.3.7/jaxb-runtime-2.3.7.jar:/home/usman/.m2/repository/org/glassfish/jaxb/txw2/2.3.7/txw2-2.3.7.jar:/home/usman/.m2/repository/com/sun/istack/istack-commons-runtime/3.0.12/istack-commons-runtime-3.0.12.jar:/home/usman/.m2/repository/com/sun/activation/jakarta.activation/1.2.2/jakarta.activation-1.2.2.jar:/home/usman/.m2/repository/org/springframework/data/spring-data-jpa/2.7.7-SNAPSHOT/spring-data-jpa-2.7.7-SNAPSHOT.jar:/home/usman/.m2/repository/org/springframework/data/spring-data-commons/2.7.7-SNAPSHOT/spring-data-commons-2.7.7-SNAPSHOT.jar:/home/usman/.m2/repository/org/springframework/spring-orm/5.3.25/spring-orm-5.3.25.jar:/home/usman/.m2/repository/org/springframework/spring-context/5.3.25/spring-context-5.3.25.jar:/home/usman/.m2/repository/org/springframework/spring-tx/5.3.25/spring-tx-5.3.25.jar:/home/usman/.m2/repository/org/springframework/spring-beans/5.3.25/spring-beans-5.3.25.jar:/home/usman/.m2/repository/org/slf4j/slf4j-api/1.7.36/slf4j-api-1.7.36.jar:/home/usman/.m2/repository/org/springframework/spring-aspects/5.3.25/spring-aspects-5.3.25.jar:/home/usman/.m2/repository/org/springframework/boot/spring-boot-starter-web/2.7.8-SNAPSHOT/spring-boot-starter-web-2.7.8-SNAPSHOT.jar:/home/usman/.m2/repository/org/springframework/boot/spring-boot-starter/2.7.8-SNAPSHOT/spring-boot-starter-2.7.8-SNAPSHOT.jar:/home/usman/.m2/repository/org/springframework/boot/spring-boot/2.7.8-SNAPSHOT/spring-boot-2.7.8-SNAPSHOT.jar:/home/usman/.m2/repository/org/springframework/boot/spring-boot-autoconfigure/2.7.8-SNAPSHOT/spring-boot-autoconfigure-2.7.8-SNAPSHOT.jar:/home/usman/.m2/repository/org/springframework/boot/spring-boot-starter-logging/2.7.8-SNAPSHOT/spring-boot-starter-logging-2.7.8-SNAPSHOT.jar:/home/usman/.m2/repository/ch/qos/logback/logback-classic/1.2.11/logback-classic-1.2.11.jar:/home/usman/.m2/repository/ch/qos/logback/logback-core/1.2.11/logback-core-1.2.11.jar:/home/usman/.m2/repository/org/apache/logging/log4j/log4j-to-slf4j/2.17.2/log4j-to-slf4j-2.17.2.jar:/home/usman/.m2/repository/org/apache/logging/log4j/log4j-api/2.17.2/log4j-api-2.17.2.jar:/home/usman/.m2/repository/org/slf4j/jul-to-slf4j/1.7.36/jul-to-slf4j-1.7.36.jar:/home/usman/.m2/repository/jakarta/annotation/jakarta.annotation-api/1.3.5/jakarta.annotation-api-1.3.5.jar:/home/usman/.m2/repository/org/yaml/snakeyaml/1.30/snakeyaml-1.30.jar:/home/usman/.m2/repository/org/springframework/boot/spring-boot-starter-json/2.7.8-SNAPSHOT/spring-boot-starter-json-2.7.8-SNAPSHOT.jar:/home/usman/.m2/repository/com/fasterxml/jackson/core/jackson-databind/2.13.4.2/jackson-databind-2.13.4.2.jar:/home/usman/.m2/repository/com/fasterxml/jackson/core/jackson-annotations/2.13.4/jackson-annotations-2.13.4.jar:/home/usman/.m2/repository/com/fasterxml/jackson/core/jackson-core/2.13.4/jackson-core-2.13.4.jar:/home/usman/.m2/repository/com/fasterxml/jackson/datatype/jackson-datatype-jdk8/2.13.4/jackson-datatype-jdk8-2.13.4.jar:/home/usman/.m2/repository/com/fasterxml/jackson/datatype/jackson-datatype-jsr310/2.13.4/jackson-datatype-jsr310-2.13.4.jar:/home/usman/.m2/repository/com/fasterxml/jackson/module/jackson-module-parameter-names/2.13.4/jackson-module-parameter-names-2.13.4.jar:/home/usman/.m2/repository/org/springframework/boot/spring-boot-starter-tomcat/2.7.8-SNAPSHOT/spring-boot-starter-tomcat-2.7.8-SNAPSHOT.jar:/home/usman/.m2/repository/org/apache/tomcat/embed/tomcat-embed-core/9.0.70/tomcat-embed-core-9.0.70.jar:/home/usman/.m2/repository/org/apache/tomcat/embed/tomcat-embed-el/9.0.70/tomcat-embed-el-9.0.70.jar:/home/usman/.m2/repository/org/apache/tomcat/embed/tomcat-embed-websocket/9.0.70/tomcat-embed-websocket-9.0.70.jar:/home/usman/.m2/repository/org/springframework/spring-web/5.3.25/spring-web-5.3.25.jar:/home/usman/.m2/repository/org/springframework/spring-webmvc/5.3.25/spring-webmvc-5.3.25.jar:/home/usman/.m2/repository/org/springframework/spring-expression/5.3.25/spring-expression-5.3.25.jar:/home/usman/.m2/repository/com/mysql/mysql-connector-j/8.0.31/mysql-connector-j-8.0.31.jar:/home/usman/.m2/repository/org/postgresql/postgresql/42.3.8/postgresql-42.3.8.jar:/home/usman/.m2/repository/org/checkerframework/checker-qual/3.5.0/checker-qual-3.5.0.jar:/home/usman/.m2/repository/org/springframework/boot/spring-boot-starter-test/2.7.8-SNAPSHOT/spring-boot-starter-test-2.7.8-SNAPSHOT.jar:/home/usman/.m2/repository/org/springframework/boot/spring-boot-test/2.7.8-SNAPSHOT/spring-boot-test-2.7.8-SNAPSHOT.jar:/home/usman/.m2/repository/org/springframework/boot/spring-boot-test-autoconfigure/2.7.8-SNAPSHOT/spring-boot-test-autoconfigure-2.7.8-SNAPSHOT.jar:/home/usman/.m2/repository/com/jayway/jsonpath/json-path/2.7.0/json-path-2.7.0.jar:/home/usman/.m2/repository/net/minidev/json-smart/2.4.8/json-smart-2.4.8.jar:/home/usman/.m2/repository/net/minidev/accessors-smart/2.4.8/accessors-smart-2.4.8.jar:/home/usman/.m2/repository/org/ow2/asm/asm/9.1/asm-9.1.jar:/home/usman/.m2/repository/jakarta/xml/bind/jakarta.xml.bind-api/2.3.3/jakarta.xml.bind-api-2.3.3.jar:/home/usman/.m2/repository/jakarta/activation/jakarta.activation-api/1.2.2/jakarta.activation-api-1.2.2.jar:/home/usman/.m2/repository/org/assertj/assertj-core/3.22.0/assertj-core-3.22.0.jar:/home/usman/.m2/repository/org/hamcrest/hamcrest/2.2/hamcrest-2.2.jar:/home/usman/.m2/repository/org/junit/jupiter/junit-jupiter/5.8.2/junit-jupiter-5.8.2.jar:/home/usman/.m2/repository/org/junit/jupiter/junit-jupiter-api/5.8.2/junit-jupiter-api-5.8.2.jar:/home/usman/.m2/repository/org/opentest4j/opentest4j/1.2.0/opentest4j-1.2.0.jar:/home/usman/.m2/repository/org/junit/platform/junit-platform-commons/1.8.2/junit-platform-commons-1.8.2.jar:/home/usman/.m2/repository/org/apiguardian/apiguardian-api/1.1.2/apiguardian-api-1.1.2.jar:/home/usman/.m2/repository/org/junit/jupiter/junit-jupiter-params/5.8.2/junit-jupiter-params-5.8.2.jar:/home/usman/.m2/repository/org/junit/jupiter/junit-jupiter-engine/5.8.2/junit-jupiter-engine-5.8.2.jar:/home/usman/.m2/repository/org/junit/platform/junit-platform-engine/1.8.2/junit-platform-engine-1.8.2.jar:/home/usman/.m2/repository/org/mockito/mockito-core/4.5.1/mockito-core-4.5.1.jar:/home/usman/.m2/repository/net/bytebuddy/byte-buddy-agent/1.12.21/byte-buddy-agent-1.12.21.jar:/home/usman/.m2/repository/org/objenesis/objenesis/3.2/objenesis-3.2.jar:/home/usman/.m2/repository/org/mockito/mockito-junit-jupiter/4.5.1/mockito-junit-jupiter-4.5.1.jar:/home/usman/.m2/repository/org/skyscreamer/jsonassert/1.5.1/jsonassert-1.5.1.jar:/home/usman/.m2/repository/com/vaadin/external/google/android-json/0.0.20131108.vaadin1/android-json-0.0.20131108.vaadin1.jar:/home/usman/.m2/repository/org/springframework/spring-core/5.3.25/spring-core-5.3.25.jar:/home/usman/.m2/repository/org/springframework/spring-jcl/5.3.25/spring-jcl-5.3.25.jar:/home/usman/.m2/repository/org/springframework/spring-test/5.3.25/spring-test-5.3.25.jar:/home/usman/.m2/repository/org/xmlunit/xmlunit-core/2.9.1/xmlunit-core-2.9.1.jar:"/>
    <property name="java.vm.vendor" value="Ubuntu"/>
    <property name="sun.arch.data.model" value="64"/>
    <property name="java.vendor.url" value="https://ubuntu.com/"/>
    <property name="user.timezone" value=""/>
    <property name="java.vm.specification.version" value="11"/>
    <property name="os.name" value="Linux"/>
    <property name="sun.java.launcher" value="SUN_STANDARD"/>
    <property name="user.country" value="IN"/>
    <property name="sun.boot.library.path" value="/usr/lib/jvm/java-11-openjdk-amd64/lib"/>
    <property name="sun.java.command" value="/home/usman/Documents/springInitilizer-Kafka/springWallet/wallet/target/surefire/surefirebooter10223460262030703157.jar /home/usman/Documents/springInitilizer-Kafka/springWallet/wallet/target/surefire 2023-01-16T21-56-29_818-jvmRun1 surefire3163628818171016551tmp surefire_016161785778255804000tmp"/>
    <property name="jdk.debug" value="release"/>
    <property name="surefire.test.class.path" value="/home/usman/Documents/springInitilizer-Kafka/springWallet/wallet/target/test-classes:/home/usman/Documents/springInitilizer-Kafka/springWallet/wallet/target/classes:/home/usman/.m2/repository/org/springframework/boot/spring-boot-starter-data-jpa/2.7.8-SNAPSHOT/spring-boot-starter-data-jpa-2.7.8-SNAPSHOT.jar:/home/usman/.m2/repository/org/springframework/boot/spring-boot-starter-aop/2.7.8-SNAPSHOT/spring-boot-starter-aop-2.7.8-SNAPSHOT.jar:/home/usman/.m2/repository/org/springframework/spring-aop/5.3.25/spring-aop-5.3.25.jar:/home/usman/.m2/repository/org/aspectj/aspectjweaver/1.9.7/aspectjweaver-1.9.7.jar:/home/usman/.m2/repository/org/springframework/boot/spring-boot-starter-jdbc/2.7.8-SNAPSHOT/spring-boot-starter-jdbc-2.7.8-SNAPSHOT.jar:/home/usman/.m2/repository/com/zaxxer/HikariCP/4.0.3/HikariCP-4.0.3.jar:/home/usman/.m2/repository/org/springframework/spring-jdbc/5.3.25/spring-jdbc-5.3.25.jar:/home/usman/.m2/repository/jakarta/transaction/jakarta.transaction-api/1.3.3/jakarta.transaction-api-1.3.3.jar:/home/usman/.m2/repository/jakarta/persistence/jakarta.persistence-api/2.2.3/jakarta.persistence-api-2.2.3.jar:/home/usman/.m2/repository/org/hibernate/hibernate-core/5.6.14.Final/hibernate-core-5.6.14.Final.jar:/home/usman/.m2/repository/org/jboss/logging/jboss-logging/3.4.3.Final/jboss-logging-3.4.3.Final.jar:/home/usman/.m2/repository/net/bytebuddy/byte-buddy/1.12.21/byte-buddy-1.12.21.jar:/home/usman/.m2/repository/antlr/antlr/2.7.7/antlr-2.7.7.jar:/home/usman/.m2/repository/org/jboss/jandex/2.4.2.Final/jandex-2.4.2.Final.jar:/home/usman/.m2/repository/com/fasterxml/classmate/1.5.1/classmate-1.5.1.jar:/home/usman/.m2/repository/org/hibernate/common/hibernate-commons-annotations/5.1.2.Final/hibernate-commons-annotations-5.1.2.Final.jar:/home/usman/.m2/repository/org/glassfish/jaxb/jaxb-runtime/2.3.7/jaxb-runtime-2.3.7.jar:/home/usman/.m2/repository/org/glassfish/jaxb/txw2/2.3.7/txw2-2.3.7.jar:/home/usman/.m2/repository/com/sun/istack/istack-commons-runtime/3.0.12/istack-commons-runtime-3.0.12.jar:/home/usman/.m2/repository/com/sun/activation/jakarta.activation/1.2.2/jakarta.activation-1.2.2.jar:/home/usman/.m2/repository/org/springframework/data/spring-data-jpa/2.7.7-SNAPSHOT/spring-data-jpa-2.7.7-SNAPSHOT.jar:/home/usman/.m2/repository/org/springframework/data/spring-data-commons/2.7.7-SNAPSHOT/spring-data-commons-2.7.7-SNAPSHOT.jar:/home/usman/.m2/repository/org/springframework/spring-orm/5.3.25/spring-orm-5.3.25.jar:/home/usman/.m2/repository/org/springframework/spring-context/5.3.25/spring-context-5.3.25.jar:/home/usman/.m2/repository/org/springframework/spring-tx/5.3.25/spring-tx-5.3.25.jar:/home/usman/.m2/repository/org/springframework/spring-beans/5.3.25/spring-beans-5.3.25.jar:/home/usman/.m2/repository/org/slf4j/slf4j-api/1.7.36/slf4j-api-1.7.36.jar:/home/usman/.m2/repository/org/springframework/spring-aspects/5.3.25/spring-aspects-5.3.25.jar:/home/usman/.m2/repository/org/springframework/boot/spring-boot-starter-web/2.7.8-SNAPSHOT/spring-boot-starter-web-2.7.8-SNAPSHOT.jar:/home/usman/.m2/repository/org/springframework/boot/spring-boot-starter/2.7.8-SNAPSHOT/spring-boot-starter-2.7.8-SNAPSHOT.jar:/home/usman/.m2/repository/org/springframework/boot/spring-boot/2.7.8-SNAPSHOT/spring-boot-2.7.8-SNAPSHOT.jar:/home/usman/.m2/repository/org/springframework/boot/spring-boot-autoconfigure/2.7.8-SNAPSHOT/spring-boot-autoconfigure-2.7.8-SNAPSHOT.jar:/home/usman/.m2/repository/org/springframework/boot/spring-boot-starter-logging/2.7.8-SNAPSHOT/spring-boot-starter-logging-2.7.8-SNAPSHOT.jar:/home/usman/.m2/repository/ch/qos/logback/logback-classic/1.2.11/logback-classic-1.2.11.jar:/home/usman/.m2/repository/ch/qos/logback/logback-core/1.2.11/logback-core-1.2.11.jar:/home/usman/.m2/repository/org/apache/logging/log4j/log4j-to-slf4j/2.17.2/log4j-to-slf4j-2.17.2.jar:/home/usman/.m2/repository/org/apache/logging/log4j/log4j-api/2.17.2/log4j-api-2.17.2.jar:/home/usman/.m2/repository/org/slf4j/jul-to-slf4j/1.7.36/jul-to-slf4j-1.7.36.jar:/home/usman/.m2/repository/jakarta/annotation/jakarta.annotation-api/1.3.5/jakarta.annotation-api-1.3.5.jar:/home/usman/.m2/repository/org/yaml/snakeyaml/1.30/snakeyaml-1.30.jar:/home/usman/.m2/repository/org/springframework/boot/spring-boot-starter-json/2.7.8-SNAPSHOT/spring-boot-starter-json-2.7.8-SNAPSHOT.jar:/home/usman/.m2/repository/com/fasterxml/jackson/core/jackson-databind/2.13.4.2/jackson-databind-2.13.4.2.jar:/home/usman/.m2/repository/com/fasterxml/jackson/core/jackson-annotations/2.13.4/jackson-annotations-2.13.4.jar:/home/usman/.m2/repository/com/fasterxml/jackson/core/jackson-core/2.13.4/jackson-core-2.13.4.jar:/home/usman/.m2/repository/com/fasterxml/jackson/datatype/jackson-datatype-jdk8/2.13.4/jackson-datatype-jdk8-2.13.4.jar:/home/usman/.m2/repository/com/fasterxml/jackson/datatype/jackson-datatype-jsr310/2.13.4/jackson-datatype-jsr310-2.13.4.jar:/home/usman/.m2/repository/com/fasterxml/jackson/module/jackson-module-parameter-names/2.13.4/jackson-module-parameter-names-2.13.4.jar:/home/usman/.m2/repository/org/springframework/boot/spring-boot-starter-tomcat/2.7.8-SNAPSHOT/spring-boot-starter-tomcat-2.7.8-SNAPSHOT.jar:/home/usman/.m2/repository/org/apache/tomcat/embed/tomcat-embed-core/9.0.70/tomcat-embed-core-9.0.70.jar:/home/usman/.m2/repository/org/apache/tomcat/embed/tomcat-embed-el/9.0.70/tomcat-embed-el-9.0.70.jar:/home/usman/.m2/repository/org/apache/tomcat/embed/tomcat-embed-websocket/9.0.70/tomcat-embed-websocket-9.0.70.jar:/home/usman/.m2/repository/org/springframework/spring-web/5.3.25/spring-web-5.3.25.jar:/home/usman/.m2/repository/org/springframework/spring-webmvc/5.3.25/spring-webmvc-5.3.25.jar:/home/usman/.m2/repository/org/springframework/spring-expression/5.3.25/spring-expression-5.3.25.jar:/home/usman/.m2/repository/com/mysql/mysql-connector-j/8.0.31/mysql-connector-j-8.0.31.jar:/home/usman/.m2/repository/org/postgresql/postgresql/42.3.8/postgresql-42.3.8.jar:/home/usman/.m2/repository/org/checkerframework/checker-qual/3.5.0/checker-qual-3.5.0.jar:/home/usman/.m2/repository/org/springframework/boot/spring-boot-starter-test/2.7.8-SNAPSHOT/spring-boot-starter-test-2.7.8-SNAPSHOT.jar:/home/usman/.m2/repository/org/springframework/boot/spring-boot-test/2.7.8-SNAPSHOT/spring-boot-test-2.7.8-SNAPSHOT.jar:/home/usman/.m2/repository/org/springframework/boot/spring-boot-test-autoconfigure/2.7.8-SNAPSHOT/spring-boot-test-autoconfigure-2.7.8-SNAPSHOT.jar:/home/usman/.m2/repository/com/jayway/jsonpath/json-path/2.7.0/json-path-2.7.0.jar:/home/usman/.m2/repository/net/minidev/json-smart/2.4.8/json-smart-2.4.8.jar:/home/usman/.m2/repository/net/minidev/accessors-smart/2.4.8/accessors-smart-2.4.8.jar:/home/usman/.m2/repository/org/ow2/asm/asm/9.1/asm-9.1.jar:/home/usman/.m2/repository/jakarta/xml/bind/jakarta.xml.bind-api/2.3.3/jakarta.xml.bind-api-2.3.3.jar:/home/usman/.m2/repository/jakarta/activation/jakarta.activation-api/1.2.2/jakarta.activation-api-1.2.2.jar:/home/usman/.m2/repository/org/assertj/assertj-core/3.22.0/assertj-core-3.22.0.jar:/home/usman/.m2/repository/org/hamcrest/hamcrest/2.2/hamcrest-2.2.jar:/home/usman/.m2/repository/org/junit/jupiter/junit-jupiter/5.8.2/junit-jupiter-5.8.2.jar:/home/usman/.m2/repository/org/junit/jupiter/junit-jupiter-api/5.8.2/junit-jupiter-api-5.8.2.jar:/home/usman/.m2/repository/org/opentest4j/opentest4j/1.2.0/opentest4j-1.2.0.jar:/home/usman/.m2/repository/org/junit/platform/junit-platform-commons/1.8.2/junit-platform-commons-1.8.2.jar:/home/usman/.m2/repository/org/apiguardian/apiguardian-api/1.1.2/apiguardian-api-1.1.2.jar:/home/usman/.m2/repository/org/junit/jupiter/junit-jupiter-params/5.8.2/junit-jupiter-params-5.8.2.jar:/home/usman/.m2/repository/org/junit/jupiter/junit-jupiter-engine/5.8.2/junit-jupiter-engine-5.8.2.jar:/home/usman/.m2/repository/org/junit/platform/junit-platform-engine/1.8.2/junit-platform-engine-1.8.2.jar:/home/usman/.m2/repository/org/mockito/mockito-core/4.5.1/mockito-core-4.5.1.jar:/home/usman/.m2/repository/net/bytebuddy/byte-buddy-agent/1.12.21/byte-buddy-agent-1.12.21.jar:/home/usman/.m2/repository/org/objenesis/objenesis/3.2/objenesis-3.2.jar:/home/usman/.m2/repository/org/mockito/mockito-junit-jupiter/4.5.1/mockito-junit-jupiter-4.5.1.jar:/home/usman/.m2/repository/org/skyscreamer/jsonassert/1.5.1/jsonassert-1.5.1.jar:/home/usman/.m2/repository/com/vaadin/external/google/android-json/0.0.20131108.vaadin1/android-json-0.0.20131108.vaadin1.jar:/home/usman/.m2/repository/org/springframework/spring-core/5.3.25/spring-core-5.3.25.jar:/home/usman/.m2/repository/org/springframework/spring-jcl/5.3.25/spring-jcl-5.3.25.jar:/home/usman/.m2/repository/org/springframework/spring-test/5.3.25/spring-test-5.3.25.jar:/home/usman/.m2/repository/org/xmlunit/xmlunit-core/2.9.1/xmlunit-core-2.9.1.jar:"/>
    <property name="sun.cpu.endian" value="little"/>
    <property name="user.home" value="/home/usman"/>
    <property name="user.language" value="en"/>
    <property name="java.specification.vendor" value="Oracle Corporation"/>
    <property name="java.version.date" value="2022-10-18"/>
    <property name="java.home" value="/usr/lib/jvm/java-11-openjdk-amd64"/>
    <property name="file.separator" value="/"/>
    <property name="basedir" value="/home/usman/Documents/springInitilizer-Kafka/springWallet/wallet"/>
    <property name="java.vm.compressedOopsMode" value="Zero based"/>
    <property name="line.separator" value="&#10;"/>
    <property name="java.specification.name" value="Java Platform API Specification"/>
    <property name="java.vm.specification.vendor" value="Oracle Corporation"/>
    <property name="java.awt.graphicsenv" value="sun.awt.X11GraphicsEnvironment"/>
    <property name="surefire.real.class.path" value="/home/usman/Documents/springInitilizer-Kafka/springWallet/wallet/target/surefire/surefirebooter10223460262030703157.jar"/>
    <property name="sun.management.compiler" value="HotSpot 64-Bit Tiered Compilers"/>
    <property name="java.runtime.version" value="11.0.17+8-post-Ubuntu-1ubuntu222.04"/>
    <property name="user.name" value="usman"/>
    <property name="path.separator" value=":"/>
    <property name="os.version" value="5.11.0-051100-generic"/>
    <property name="java.runtime.name" value="OpenJDK Runtime Environment"/>
    <property name="file.encoding" value="UTF-8"/>
    <property name="java.vm.name" value="OpenJDK 64-Bit Server VM"/>
    <property name="localRepository" value="/home/usman/.m2/repository"/>
    <property name="java.vendor.url.bug" value="https://bugs.launchpad.net/ubuntu/+source/openjdk-lts"/>
    <property name="java.io.tmpdir" value="/tmp"/>
    <property name="java.version" value="11.0.17"/>
    <property name="user.dir" value="/home/usman/Documents/springInitilizer-Kafka/springWallet/wallet"/>
    <property name="os.arch" value="amd64"/>
    <property name="java.vm.specification.name" value="Java Virtual Machine Specification"/>
    <property name="java.awt.printerjob" value="sun.print.PSPrinterJob"/>
    <property name="sun.os.patch.level" value="unknown"/>
    <property name="java.library.path" value="/usr/java/packages/lib:/usr/lib/x86_64-linux-gnu/jni:/lib/x86_64-linux-gnu:/usr/lib/x86_64-linux-gnu:/usr/lib/jni:/lib:/usr/lib"/>
    <property name="java.vm.info" value="mixed mode, sharing"/>
    <property name="java.vendor" value="Ubuntu"/>
    <property name="java.vm.version" value="11.0.17+8-post-Ubuntu-1ubuntu222.04"/>
    <property name="sun.io.unicode.encoding" value="UnicodeLittle"/>
    <property name="java.class.version" value="55.0"/>
  </properties>
  <testcase name="testCreateWallet" classname="com.wallet.Sevice.WalletServiceImplTest" time="0.034"/>
  <testcase name="testGetWalletById" classname="com.wallet.Sevice.WalletServiceImplTest" time="0.034"/>
  <testcase name="testUpdateWallet" classname="com.wallet.Sevice.WalletServiceImplTest" time="0.023"/>
  <testcase name="testDeleteWallet" classname="com.wallet.Sevice.WalletServiceImplTest" time="0.027"/>
  <testcase name="testGetAllWallet" classname="com.wallet.Sevice.WalletServiceImplTest" time="0.029"/>
  <testcase name="testGetWalletById2" classname="com.wallet.Sevice.WalletServiceImplTest" time="0">
    <skipped message="TODO: Complete this test"/>
    <system-out><![CDATA[21:56:31.963 [main] DEBUG org.springframework.test.context.cache.DefaultCacheAwareContextLoaderDelegate - Retrieved ApplicationContext [1764604500] from cache with key [[MergedContextConfiguration@341b13a8 testClass = WalletServiceImplTest, locations = '{}', classes = '{class com.wallet.Sevice.WalletServiceImpl}', contextInitializerClasses = '[]', activeProfiles = '{}', propertySourceLocations = '{}', propertySourceProperties = '{}', contextCustomizers = set[org.springframework.boot.test.context.filter.ExcludeFilterContextCustomizer@5f9b2141, org.springframework.boot.test.json.DuplicateJsonObjectContextCustomizerFactory$DuplicateJsonObjectContextCustomizer@50ad3bc1, org.springframework.boot.test.mock.mockito.MockitoContextCustomizer@ba0dc6d5, org.springframework.boot.test.autoconfigure.actuate.metrics.MetricsExportContextCustomizerFactory$DisableMetricExportContextCustomizer@5fbdfdcf, org.springframework.boot.test.autoconfigure.properties.PropertyMappingContextCustomizer@0, org.springframework.boot.test.autoconfigure.web.servlet.WebDriverContextCustomizerFactory$Customizer@5acf93bb], contextLoader = 'org.springframework.test.context.support.DelegatingSmartContextLoader', parent = [null]]]
21:56:31.963 [main] DEBUG org.springframework.test.context.cache - Spring test ApplicationContext cache statistics: [DefaultContextCache@4d33940d size = 2, maxSize = 32, parentContextCount = 0, hitCount = 108, missCount = 2]
21:56:31.963 [main] DEBUG org.springframework.test.context.support.DependencyInjectionTestExecutionListener - Performing dependency injection for test context [[DefaultTestContext@67507df testClass = WalletServiceImplTest, testInstance = com.wallet.Sevice.WalletServiceImplTest@57ad1178, testMethod = [null], testException = [null], mergedContextConfiguration = [MergedContextConfiguration@341b13a8 testClass = WalletServiceImplTest, locations = '{}', classes = '{class com.wallet.Sevice.WalletServiceImpl}', contextInitializerClasses = '[]', activeProfiles = '{}', propertySourceLocations = '{}', propertySourceProperties = '{}', contextCustomizers = set[org.springframework.boot.test.context.filter.ExcludeFilterContextCustomizer@5f9b2141, org.springframework.boot.test.json.DuplicateJsonObjectContextCustomizerFactory$DuplicateJsonObjectContextCustomizer@50ad3bc1, org.springframework.boot.test.mock.mockito.MockitoContextCustomizer@ba0dc6d5, org.springframework.boot.test.autoconfigure.actuate.metrics.MetricsExportContextCustomizerFactory$DisableMetricExportContextCustomizer@5fbdfdcf, org.springframework.boot.test.autoconfigure.properties.PropertyMappingContextCustomizer@0, org.springframework.boot.test.autoconfigure.web.servlet.WebDriverContextCustomizerFactory$Customizer@5acf93bb], contextLoader = 'org.springframework.test.context.support.DelegatingSmartContextLoader', parent = [null]], attributes = map['org.springframework.test.context.event.ApplicationEventsTestExecutionListener.recordApplicationEvents' -> false]]].
21:56:31.963 [main] DEBUG org.springframework.test.context.cache.DefaultCacheAwareContextLoaderDelegate - Retrieved ApplicationContext [1764604500] from cache with key [[MergedContextConfiguration@341b13a8 testClass = WalletServiceImplTest, locations = '{}', classes = '{class com.wallet.Sevice.WalletServiceImpl}', contextInitializerClasses = '[]', activeProfiles = '{}', propertySourceLocations = '{}', propertySourceProperties = '{}', contextCustomizers = set[org.springframework.boot.test.context.filter.ExcludeFilterContextCustomizer@5f9b2141, org.springframework.boot.test.json.DuplicateJsonObjectContextCustomizerFactory$DuplicateJsonObjectContextCustomizer@50ad3bc1, org.springframework.boot.test.mock.mockito.MockitoContextCustomizer@ba0dc6d5, org.springframework.boot.test.autoconfigure.actuate.metrics.MetricsExportContextCustomizerFactory$DisableMetricExportContextCustomizer@5fbdfdcf, org.springframework.boot.test.autoconfigure.properties.PropertyMappingContextCustomizer@0, org.springframework.boot.test.autoconfigure.web.servlet.WebDriverContextCustomizerFactory$Customizer@5acf93bb], contextLoader = 'org.springframework.test.context.support.DelegatingSmartContextLoader', parent = [null]]]
21:56:31.963 [main] DEBUG org.springframework.test.context.cache - Spring test ApplicationContext cache statistics: [DefaultContextCache@4d33940d size = 2, maxSize = 32, parentContextCount = 0, hitCount = 109, missCount = 2]
21:56:31.964 [main] DEBUG org.springframework.test.context.cache.DefaultCacheAwareContextLoaderDelegate - Retrieved ApplicationContext [1764604500] from cache with key [[MergedContextConfiguration@341b13a8 testClass = WalletServiceImplTest, locations = '{}', classes = '{class com.wallet.Sevice.WalletServiceImpl}', contextInitializerClasses = '[]', activeProfiles = '{}', propertySourceLocations = '{}', propertySourceProperties = '{}', contextCustomizers = set[org.springframework.boot.test.context.filter.ExcludeFilterContextCustomizer@5f9b2141, org.springframework.boot.test.json.DuplicateJsonObjectContextCustomizerFactory$DuplicateJsonObjectContextCustomizer@50ad3bc1, org.springframework.boot.test.mock.mockito.MockitoContextCustomizer@ba0dc6d5, org.springframework.boot.test.autoconfigure.actuate.metrics.MetricsExportContextCustomizerFactory$DisableMetricExportContextCustomizer@5fbdfdcf, org.springframework.boot.test.autoconfigure.properties.PropertyMappingContextCustomizer@0, org.springframework.boot.test.autoconfigure.web.servlet.WebDriverContextCustomizerFactory$Customizer@5acf93bb], contextLoader = 'org.springframework.test.context.support.DelegatingSmartContextLoader', parent = [null]]]
21:56:31.964 [main] DEBUG org.springframework.test.context.cache - Spring test ApplicationContext cache statistics: [DefaultContextCache@4d33940d size = 2, maxSize = 32, parentContextCount = 0, hitCount = 110, missCount = 2]
]]></system-out>
  </testcase>
</testsuite>